03 28 17:53:20:575 [INFO ] [main] com.epam.parser.dom.DOMController# DOMController.parse# 
 dom_started
 
03 28 17:53:20:950 [ERROR] [main] com.epam.parser.dom.DOMController# DOMController.parse# 
 io error
 
03 28 17:53:20:965 [INFO ] [main] com.epam.parser.sax.SAXController# SAXController.parse# 
 Sax started
 
03 28 17:53:20:981 [ERROR] [main] com.epam.parser.sax.SAXController# SAXController.parse# 
 io_error
 
java.io.FileNotFoundException: C:\Documents and Settings\Artsiom_Stalpouski\workspace\XMLParsers\xml\products.xml (The system cannot find the path specified)
	at java.io.FileInputStream.open(Native Method)
	at java.io.FileInputStream.<init>(Unknown Source)
	at java.io.FileInputStream.<init>(Unknown Source)
	at sun.net.www.protocol.file.FileURLConnection.connect(Unknown Source)
	at sun.net.www.protocol.file.FileURLConnection.getInputStream(Unknown Source)
	at org.apache.xerces.impl.XMLEntityManager.setupCurrentEntity(Unknown Source)
	at org.apache.xerces.impl.XMLVersionDetector.determineDocVersion(Unknown Source)
	at org.apache.xerces.parsers.XML11Configuration.parse(Unknown Source)
	at org.apache.xerces.parsers.XML11Configuration.parse(Unknown Source)
	at org.apache.xerces.parsers.XMLParser.parse(Unknown Source)
	at org.apache.xerces.parsers.AbstractSAXParser.parse(Unknown Source)
	at com.epam.parser.sax.SAXController.parse(SAXController.java:27)
	at com.epam.parser.main.Runner.main(Runner.java:22)
03 28 17:53:20:981 [ERROR] [main] com.epam.parser.dom.DOMProductsParser# StAXController.parse# 
 io error
 
java.io.FileNotFoundException: xml\products.xml (The system cannot find the path specified)
	at java.io.FileInputStream.open(Native Method)
	at java.io.FileInputStream.<init>(Unknown Source)
	at java.io.FileInputStream.<init>(Unknown Source)
	at com.epam.parser.stax.StAXController.parse(StAXController.java:23)
	at com.epam.parser.main.Runner.main(Runner.java:23)
03 28 17:53:21:340 [INFO ] [main] com.epam.parser.dom.DOMController# DOMController.parse# 
 dom_started
 
03 28 17:53:21:747 [ERROR] [main] com.epam.parser.dom.DOMController# DOMController.parse# 
 io error
 
03 28 17:53:21:778 [INFO ] [main] com.epam.parser.sax.SAXController# SAXController.parse# 
 Sax started
 
03 28 17:53:21:778 [ERROR] [main] com.epam.parser.sax.SAXController# SAXController.parse# 
 io_error
 
java.io.FileNotFoundException: C:\Documents and Settings\Artsiom_Stalpouski\workspace\XMLParsers\xml\products.xml (The system cannot find the path specified)
	at java.io.FileInputStream.open(Native Method)
	at java.io.FileInputStream.<init>(Unknown Source)
	at java.io.FileInputStream.<init>(Unknown Source)
	at sun.net.www.protocol.file.FileURLConnection.connect(Unknown Source)
	at sun.net.www.protocol.file.FileURLConnection.getInputStream(Unknown Source)
	at org.apache.xerces.impl.XMLEntityManager.setupCurrentEntity(Unknown Source)
	at org.apache.xerces.impl.XMLVersionDetector.determineDocVersion(Unknown Source)
	at org.apache.xerces.parsers.XML11Configuration.parse(Unknown Source)
	at org.apache.xerces.parsers.XML11Configuration.parse(Unknown Source)
	at org.apache.xerces.parsers.XMLParser.parse(Unknown Source)
	at org.apache.xerces.parsers.AbstractSAXParser.parse(Unknown Source)
	at com.epam.parser.sax.SAXController.parse(SAXController.java:27)
	at com.epam.parser.main.Runner.main(Runner.java:22)
03 28 17:53:21:778 [ERROR] [main] com.epam.parser.dom.DOMProductsParser# StAXController.parse# 
 io error
 
java.io.FileNotFoundException: xml\products.xml (The system cannot find the path specified)
	at java.io.FileInputStream.open(Native Method)
	at java.io.FileInputStream.<init>(Unknown Source)
	at java.io.FileInputStream.<init>(Unknown Source)
	at com.epam.parser.stax.StAXController.parse(StAXController.java:23)
	at com.epam.parser.main.Runner.main(Runner.java:23)
03 28 17:53:35:919 [INFO ] [main] com.epam.parser.dom.DOMController# DOMController.parse# 
 dom_started
 
03 28 17:53:36:184 [ERROR] [main] com.epam.parser.dom.DOMController# DOMController.parse# 
 io error
 
03 28 17:53:36:200 [INFO ] [main] com.epam.parser.sax.SAXController# SAXController.parse# 
 Sax started
 
03 28 17:53:36:200 [ERROR] [main] com.epam.parser.sax.SAXController# SAXController.parse# 
 io_error
 
java.io.FileNotFoundException: C:\Documents and Settings\Artsiom_Stalpouski\workspace\XMLParsers\xml\products.xml (The system cannot find the path specified)
	at java.io.FileInputStream.open(Native Method)
	at java.io.FileInputStream.<init>(Unknown Source)
	at java.io.FileInputStream.<init>(Unknown Source)
	at sun.net.www.protocol.file.FileURLConnection.connect(Unknown Source)
	at sun.net.www.protocol.file.FileURLConnection.getInputStream(Unknown Source)
	at org.apache.xerces.impl.XMLEntityManager.setupCurrentEntity(Unknown Source)
	at org.apache.xerces.impl.XMLVersionDetector.determineDocVersion(Unknown Source)
	at org.apache.xerces.parsers.XML11Configuration.parse(Unknown Source)
	at org.apache.xerces.parsers.XML11Configuration.parse(Unknown Source)
	at org.apache.xerces.parsers.XMLParser.parse(Unknown Source)
	at org.apache.xerces.parsers.AbstractSAXParser.parse(Unknown Source)
	at com.epam.parser.sax.SAXController.parse(SAXController.java:27)
	at com.epam.parser.main.Runner.main(Runner.java:22)
03 28 17:53:36:200 [ERROR] [main] com.epam.parser.dom.DOMProductsParser# StAXController.parse# 
 io error
 
java.io.FileNotFoundException: xml\products.xml (The system cannot find the path specified)
	at java.io.FileInputStream.open(Native Method)
	at java.io.FileInputStream.<init>(Unknown Source)
	at java.io.FileInputStream.<init>(Unknown Source)
	at com.epam.parser.stax.StAXController.parse(StAXController.java:23)
	at com.epam.parser.main.Runner.main(Runner.java:23)
03 28 17:54:40:717 [INFO ] [main] com.epam.parser.dom.DOMController# DOMController.parse# 
 dom_started
 
03 28 17:54:41:107 [ERROR] [main] com.epam.parser.dom.DOMController# DOMController.parse# 
 io error
 
03 28 17:54:41:123 [INFO ] [main] com.epam.parser.sax.SAXController# SAXController.parse# 
 Sax started
 
03 28 17:54:41:123 [ERROR] [main] com.epam.parser.sax.SAXController# SAXController.parse# 
 io_error
 
java.io.FileNotFoundException: C:\Documents and Settings\Artsiom_Stalpouski\workspace\XMLParsers\xml\products.xml (The system cannot find the path specified)
	at java.io.FileInputStream.open(Native Method)
	at java.io.FileInputStream.<init>(Unknown Source)
	at java.io.FileInputStream.<init>(Unknown Source)
	at sun.net.www.protocol.file.FileURLConnection.connect(Unknown Source)
	at sun.net.www.protocol.file.FileURLConnection.getInputStream(Unknown Source)
	at org.apache.xerces.impl.XMLEntityManager.setupCurrentEntity(Unknown Source)
	at org.apache.xerces.impl.XMLVersionDetector.determineDocVersion(Unknown Source)
	at org.apache.xerces.parsers.XML11Configuration.parse(Unknown Source)
	at org.apache.xerces.parsers.XML11Configuration.parse(Unknown Source)
	at org.apache.xerces.parsers.XMLParser.parse(Unknown Source)
	at org.apache.xerces.parsers.AbstractSAXParser.parse(Unknown Source)
	at com.epam.parser.sax.SAXController.parse(SAXController.java:27)
	at com.epam.parser.main.Runner.main(Runner.java:22)
03 28 17:54:41:139 [ERROR] [main] com.epam.parser.dom.DOMProductsParser# StAXController.parse# 
 io error
 
java.io.FileNotFoundException: xml\products.xml (The system cannot find the path specified)
	at java.io.FileInputStream.open(Native Method)
	at java.io.FileInputStream.<init>(Unknown Source)
	at java.io.FileInputStream.<init>(Unknown Source)
	at com.epam.parser.stax.StAXController.parse(StAXController.java:23)
	at com.epam.parser.main.Runner.main(Runner.java:23)
03 28 17:56:13:139 [INFO ] [main] com.epam.parser.dom.DOMController# DOMController.parse# 
 dom_started
 
03 28 17:57:15:217 [INFO ] [main] com.epam.parser.dom.DOMController# DOMController.parse# 
 dom_started
 
03 28 17:59:33:498 [INFO ] [main] com.epam.parser.dom.DOMController# DOMController.parse# 
 dom_started
 
03 28 18:01:21:560 [INFO ] [main] com.epam.parser.dom.DOMProductsParser# DOMProductsParser.listBuilder# 
 Added good #0
 
03 28 18:02:04:935 [INFO ] [main] com.epam.parser.dom.DOMController# DOMController.parse# 
 dom_started
 
03 28 18:02:11:044 [INFO ] [main] com.epam.parser.dom.DOMProductsParser# DOMProductsParser.listBuilder# 
 Added good #0
 
03 28 18:02:22:810 [INFO ] [main] com.epam.parser.dom.DOMController# DOMController.parse# 
 dom_started
 
03 28 18:02:29:372 [INFO ] [main] com.epam.parser.dom.DOMProductsParser# DOMProductsParser.listBuilder# 
 Added good #0
 
03 28 18:02:50:028 [INFO ] [main] com.epam.parser.sax.SAXController# SAXController.parse# 
 Sax started
 
03 28 18:03:00:559 [INFO ] [main] com.epam.parser.sax.SAXProductsParser# SAXProductsParser.endElement# 
 Added stone 
 
03 28 18:03:00:559 [INFO ] [main] com.epam.parser.sax.SAXProductsParser# SAXProductsParser.endElement# 
 Added stone 
 
03 28 18:03:00:559 [INFO ] [main] com.epam.parser.sax.SAXProductsParser# SAXProductsParser.endElement# 
 Added subcategory
 
03 28 18:03:00:559 [INFO ] [main] com.epam.parser.sax.SAXProductsParser# SAXProductsParser.endElement# 
 Added stone 
 
03 28 18:03:00:575 [INFO ] [main] com.epam.parser.sax.SAXProductsParser# SAXProductsParser.endElement# 
 Added stone 
 
03 28 18:03:00:575 [INFO ] [main] com.epam.parser.sax.SAXProductsParser# SAXProductsParser.endElement# 
 Added stone 
 
03 28 18:03:00:575 [INFO ] [main] com.epam.parser.sax.SAXProductsParser# SAXProductsParser.endElement# 
 Added subcategory
 
03 28 18:03:00:575 [INFO ] [main] com.epam.parser.sax.SAXProductsParser# SAXProductsParser.endElement# 
 Added stone
 
03 28 18:03:00:591 [INFO ] [main] com.epam.parser.sax.SAXProductsParser# SAXProductsParser.endElement# 
 Added stone 
 
03 28 18:03:00:591 [INFO ] [main] com.epam.parser.sax.SAXProductsParser# SAXProductsParser.endElement# 
 Added subcategory
 
03 28 18:03:00:591 [INFO ] [main] com.epam.parser.sax.SAXProductsParser# SAXProductsParser.endElement# 
 Added stone 
 
03 28 18:03:00:606 [INFO ] [main] com.epam.parser.sax.SAXProductsParser# SAXProductsParser.endElement# 
 Added subcategory
 
03 28 18:03:00:606 [INFO ] [main] com.epam.parser.sax.SAXProductsParser# SAXProductsParser.endElement# 
 Added stone 
 
03 28 18:03:00:606 [INFO ] [main] com.epam.parser.sax.SAXProductsParser# SAXProductsParser.endElement# 
 Added subcategory
 
03 28 18:03:00:622 [INFO ] [main] com.epam.parser.sax.SAXProductsParser# SAXProductsParser.endElement# 
 Added stone
 
03 28 18:03:07:106 [INFO ] [main] com.epam.parser.sax.SAXController# SAXController.parse# 
 Getting list
 
03 28 18:04:33:871 [INFO ] [main] com.epam.parser.sax.SAXController# SAXController.parse# 
 Products [categories=[Category [subcategories=[Subcategory [goods=[Good [producer=Sony, model=ms1121, issuedateString=01-03-2013, color=white, notInStock=false, price=1300], Good [producer=Asus, model=MD1311, issuedateString=04-06-2013, color=red, notInStock=false, price=1333]], name=null], Subcategory [goods=[Good [producer=Apple, model=PH5881, issuedateString=12-05-2013, color=black, notInStock=false, price=800], Good [producer=Samsung, model=GL3001, issuedateString=09-08-2013, color=black, notInStock=false, price=600], Good [producer=Nokia, model=CP3110, issuedateString=04-08-2013, color=blue, notInStock=false, price=0]], name=null]], name=PHONES], Category [subcategories=[Subcategory [goods=[Good [producer=Harley Davidson, model=AO0010, issuedateString=11-08-2013, color=yellow, notInStock=false, price=40000]], name=null], Subcategory [goods=[Good [producer=Kawasaki Ninja, model=MK1010, issuedateString=12-08-2012, color=green, notInStock=false, price=10000]], name=null], Subcategory [goods=[Good [producer=Honda, model=RR9919, issuedateString=20-01-2012, color=red, notInStock=false, price=0]], name=null]], name=GOLDENWING]]]
 
03 28 18:04:33:871 [INFO ] [main] com.epam.parser.dom.DOMProductsParser# StAXController.parse# 
 stax started
 
03 28 18:08:44:993 [INFO ] [main] com.epam.parser.sax.SAXController# SAXController.parse# 
 Sax started
 
03 28 18:09:28:477 [INFO ] [main] com.epam.parser.sax.SAXProductsParser# SAXProductsParser.endElement# 
 Added stone 
 
03 28 18:09:28:477 [INFO ] [main] com.epam.parser.sax.SAXProductsParser# SAXProductsParser.endElement# 
 Added stone 
 
03 28 18:09:28:477 [INFO ] [main] com.epam.parser.sax.SAXProductsParser# SAXProductsParser.endElement# 
 Added subcategory
 
03 28 18:10:09:289 [INFO ] [main] com.epam.parser.sax.SAXController# SAXController.parse# 
 Sax started
 
03 28 18:10:09:336 [INFO ] [main] com.epam.parser.sax.SAXProductsParser# SAXProductsParser.endElement# 
 Added stone 
 
03 28 18:10:09:336 [INFO ] [main] com.epam.parser.sax.SAXProductsParser# SAXProductsParser.endElement# 
 Added stone 
 
03 28 18:10:09:336 [INFO ] [main] com.epam.parser.sax.SAXProductsParser# SAXProductsParser.endElement# 
 Added subcategory
 
03 28 18:10:09:336 [INFO ] [main] com.epam.parser.sax.SAXProductsParser# SAXProductsParser.endElement# 
 Added stone 
 
03 28 18:10:09:336 [INFO ] [main] com.epam.parser.sax.SAXProductsParser# SAXProductsParser.endElement# 
 Added stone 
 
03 28 18:10:09:336 [INFO ] [main] com.epam.parser.sax.SAXProductsParser# SAXProductsParser.endElement# 
 Added stone 
 
03 28 18:10:09:336 [INFO ] [main] com.epam.parser.sax.SAXProductsParser# SAXProductsParser.endElement# 
 Added subcategory
 
03 28 18:10:09:336 [INFO ] [main] com.epam.parser.sax.SAXProductsParser# SAXProductsParser.endElement# 
 Added stone
 
03 28 18:10:09:336 [INFO ] [main] com.epam.parser.sax.SAXProductsParser# SAXProductsParser.endElement# 
 Added stone 
 
03 28 18:10:09:336 [INFO ] [main] com.epam.parser.sax.SAXProductsParser# SAXProductsParser.endElement# 
 Added subcategory
 
03 28 18:10:09:336 [INFO ] [main] com.epam.parser.sax.SAXProductsParser# SAXProductsParser.endElement# 
 Added stone 
 
03 28 18:10:09:336 [INFO ] [main] com.epam.parser.sax.SAXProductsParser# SAXProductsParser.endElement# 
 Added subcategory
 
03 28 18:10:09:351 [INFO ] [main] com.epam.parser.sax.SAXProductsParser# SAXProductsParser.endElement# 
 Added stone 
 
03 28 18:10:09:351 [INFO ] [main] com.epam.parser.sax.SAXProductsParser# SAXProductsParser.endElement# 
 Added subcategory
 
03 28 18:10:09:351 [INFO ] [main] com.epam.parser.sax.SAXProductsParser# SAXProductsParser.endElement# 
 Added stone
 
03 28 18:10:09:351 [INFO ] [main] com.epam.parser.sax.SAXController# SAXController.parse# 
 Getting list
 
03 28 18:10:09:351 [INFO ] [main] com.epam.parser.sax.SAXController# SAXController.parse# 
 Products [categories=[Category [subcategories=[Subcategory [goods=[Good [producer=Sony, model=ms1121, issuedateString=01-03-2013, color=white, notInStock=false, price=1300], Good [producer=Asus, model=MD1311, issuedateString=04-06-2013, color=red, notInStock=false, price=1333]], name=computers], Subcategory [goods=[Good [producer=Apple, model=PH5881, issuedateString=12-05-2013, color=black, notInStock=false, price=800], Good [producer=Samsung, model=GL3001, issuedateString=09-08-2013, color=black, notInStock=false, price=600], Good [producer=Nokia, model=CP3110, issuedateString=04-08-2013, color=blue, notInStock=false, price=0]], name=phones]], name=electronics], Category [subcategories=[Subcategory [goods=[Good [producer=Harley Davidson, model=AO0010, issuedateString=11-08-2013, color=yellow, notInStock=false, price=40000]], name=chopper], Subcategory [goods=[Good [producer=Kawasaki Ninja, model=MK1010, issuedateString=12-08-2012, color=green, notInStock=false, price=10000]], name=streetfighter], Subcategory [goods=[Good [producer=Honda, model=RR9919, issuedateString=20-01-2012, color=red, notInStock=false, price=0]], name=goldenwing]], name=motorcycles]]]
 
03 28 18:10:09:351 [INFO ] [main] com.epam.parser.dom.DOMProductsParser# StAXController.parse# 
 stax started
 
03 28 18:13:00:615 [INFO ] [main] com.epam.parser.sax.SAXController# SAXController.parse# 
 Sax started
 
03 28 18:13:16:333 [INFO ] [main] com.epam.parser.sax.SAXProductsParser# SAXProductsParser.endElement# 
 Added stone 
 
03 28 18:13:16:333 [INFO ] [main] com.epam.parser.sax.SAXProductsParser# SAXProductsParser.endElement# 
 Added stone 
 
03 28 18:13:16:333 [INFO ] [main] com.epam.parser.sax.SAXProductsParser# SAXProductsParser.endElement# 
 Added subcategory
 
03 28 18:13:17:646 [INFO ] [main] com.epam.parser.sax.SAXProductsParser# SAXProductsParser.endElement# 
 Added stone 
 
03 28 18:13:17:646 [INFO ] [main] com.epam.parser.sax.SAXProductsParser# SAXProductsParser.endElement# 
 Added stone 
 
03 28 18:13:17:646 [INFO ] [main] com.epam.parser.sax.SAXProductsParser# SAXProductsParser.endElement# 
 Added stone 
 
03 28 18:13:17:646 [INFO ] [main] com.epam.parser.sax.SAXProductsParser# SAXProductsParser.endElement# 
 Added subcategory
 
03 28 18:13:17:646 [INFO ] [main] com.epam.parser.sax.SAXProductsParser# SAXProductsParser.endElement# 
 Added stone
 
03 28 18:13:20:302 [INFO ] [main] com.epam.parser.sax.SAXProductsParser# SAXProductsParser.endElement# 
 Added stone 
 
03 28 18:13:20:302 [INFO ] [main] com.epam.parser.sax.SAXProductsParser# SAXProductsParser.endElement# 
 Added subcategory
 
03 28 18:13:21:286 [INFO ] [main] com.epam.parser.sax.SAXProductsParser# SAXProductsParser.endElement# 
 Added stone 
 
03 28 18:13:21:286 [INFO ] [main] com.epam.parser.sax.SAXProductsParser# SAXProductsParser.endElement# 
 Added subcategory
 
03 28 18:13:22:864 [INFO ] [main] com.epam.parser.sax.SAXProductsParser# SAXProductsParser.endElement# 
 Added stone 
 
03 28 18:13:22:864 [INFO ] [main] com.epam.parser.sax.SAXProductsParser# SAXProductsParser.endElement# 
 Added subcategory
 
03 28 18:13:22:864 [INFO ] [main] com.epam.parser.sax.SAXProductsParser# SAXProductsParser.endElement# 
 Added stone
 
03 28 18:13:22:864 [INFO ] [main] com.epam.parser.sax.SAXController# SAXController.parse# 
 Getting list
 
03 28 18:13:22:880 [INFO ] [main] com.epam.parser.sax.SAXController# SAXController.parse# 
 Products [categories=[Category [subcategories=[Subcategory [goods=[Good [producer=Sony, model=ms1121, issuedateString=01-03-2013, color=white, notInStock=false, price=1300], Good [producer=Asus, model=MD1311, issuedateString=04-06-2013, color=red, notInStock=false, price=1333]], name=computers], Subcategory [goods=[Good [producer=Apple, model=PH5881, issuedateString=12-05-2013, color=black, notInStock=false, price=800], Good [producer=Samsung, model=GL3001, issuedateString=09-08-2013, color=black, notInStock=false, price=600], Good [producer=Nokia, model=CP3110, issuedateString=04-08-2013, color=blue, notInStock=false, price=0]], name=phones]], name=electronics], Category [subcategories=[Subcategory [goods=[Good [producer=Harley Davidson, model=AO0010, issuedateString=11-08-2013, color=yellow, notInStock=false, price=40000]], name=chopper], Subcategory [goods=[Good [producer=Kawasaki Ninja, model=MK1010, issuedateString=12-08-2012, color=green, notInStock=false, price=10000]], name=streetfighter], Subcategory [goods=[Good [producer=Honda, model=RR9919, issuedateString=20-01-2012, color=red, notInStock=false, price=0]], name=goldenwing]], name=motorcycles]]]
 
03 28 18:16:09:394 [INFO ] [main] com.epam.parser.sax.SAXController# SAXController.parse# 
 Sax started
 
03 28 18:16:09:440 [INFO ] [main] com.epam.parser.sax.SAXProductsParser# SAXProductsParser.endElement# 
 Added stone 
 
03 28 18:16:09:440 [INFO ] [main] com.epam.parser.sax.SAXProductsParser# SAXProductsParser.endElement# 
 Added stone 
 
03 28 18:16:09:440 [INFO ] [main] com.epam.parser.sax.SAXProductsParser# SAXProductsParser.endElement# 
 Added subcategory
 
03 28 18:16:09:440 [INFO ] [main] com.epam.parser.sax.SAXProductsParser# SAXProductsParser.endElement# 
 Added stone 
 
03 28 18:16:09:440 [INFO ] [main] com.epam.parser.sax.SAXProductsParser# SAXProductsParser.endElement# 
 Added stone 
 
03 28 18:16:09:440 [INFO ] [main] com.epam.parser.sax.SAXProductsParser# SAXProductsParser.endElement# 
 Added stone 
 
03 28 18:16:09:440 [INFO ] [main] com.epam.parser.sax.SAXProductsParser# SAXProductsParser.endElement# 
 Added subcategory
 
03 28 18:16:09:440 [INFO ] [main] com.epam.parser.sax.SAXProductsParser# SAXProductsParser.endElement# 
 Added stone
 
03 28 18:16:09:440 [INFO ] [main] com.epam.parser.sax.SAXProductsParser# SAXProductsParser.endElement# 
 Added stone 
 
03 28 18:16:09:440 [INFO ] [main] com.epam.parser.sax.SAXProductsParser# SAXProductsParser.endElement# 
 Added subcategory
 
03 28 18:16:09:440 [INFO ] [main] com.epam.parser.sax.SAXProductsParser# SAXProductsParser.endElement# 
 Added stone 
 
03 28 18:16:09:440 [INFO ] [main] com.epam.parser.sax.SAXProductsParser# SAXProductsParser.endElement# 
 Added subcategory
 
03 28 18:16:09:440 [INFO ] [main] com.epam.parser.sax.SAXProductsParser# SAXProductsParser.endElement# 
 Added stone 
 
03 28 18:16:09:440 [INFO ] [main] com.epam.parser.sax.SAXProductsParser# SAXProductsParser.endElement# 
 Added subcategory
 
03 28 18:16:09:440 [INFO ] [main] com.epam.parser.sax.SAXProductsParser# SAXProductsParser.endElement# 
 Added stone
 
03 28 18:18:39:610 [INFO ] [main] com.epam.parser.sax.SAXController# SAXController.parse# 
 Sax started
 
03 28 18:18:39:657 [INFO ] [main] com.epam.parser.sax.SAXProductsParser# SAXProductsParser.endElement# 
 Added stone 
 
03 28 18:18:39:657 [INFO ] [main] com.epam.parser.sax.SAXProductsParser# SAXProductsParser.endElement# 
 Added stone 
 
03 28 18:18:39:657 [INFO ] [main] com.epam.parser.sax.SAXProductsParser# SAXProductsParser.endElement# 
 Added subcategory
 
03 28 18:18:39:657 [INFO ] [main] com.epam.parser.sax.SAXProductsParser# SAXProductsParser.endElement# 
 Added stone 
 
03 28 18:18:39:657 [INFO ] [main] com.epam.parser.sax.SAXProductsParser# SAXProductsParser.endElement# 
 Added stone 
 
03 28 18:18:39:657 [INFO ] [main] com.epam.parser.sax.SAXProductsParser# SAXProductsParser.endElement# 
 Added stone 
 
03 28 18:18:39:657 [INFO ] [main] com.epam.parser.sax.SAXProductsParser# SAXProductsParser.endElement# 
 Added subcategory
 
03 28 18:18:39:657 [INFO ] [main] com.epam.parser.sax.SAXProductsParser# SAXProductsParser.endElement# 
 Added stone
 
03 28 18:18:39:657 [INFO ] [main] com.epam.parser.sax.SAXProductsParser# SAXProductsParser.endElement# 
 Added stone 
 
03 28 18:18:39:657 [INFO ] [main] com.epam.parser.sax.SAXProductsParser# SAXProductsParser.endElement# 
 Added subcategory
 
03 28 18:18:39:657 [INFO ] [main] com.epam.parser.sax.SAXProductsParser# SAXProductsParser.endElement# 
 Added stone 
 
03 28 18:18:39:657 [INFO ] [main] com.epam.parser.sax.SAXProductsParser# SAXProductsParser.endElement# 
 Added subcategory
 
03 28 18:18:39:657 [INFO ] [main] com.epam.parser.sax.SAXProductsParser# SAXProductsParser.endElement# 
 Added stone 
 
03 28 18:18:39:657 [INFO ] [main] com.epam.parser.sax.SAXProductsParser# SAXProductsParser.endElement# 
 Added subcategory
 
03 28 18:18:39:657 [INFO ] [main] com.epam.parser.sax.SAXProductsParser# SAXProductsParser.endElement# 
 Added stone
 
03 28 18:20:23:156 [INFO ] [main] com.epam.parser.sax.SAXController# SAXController.parse# 
 Sax started
 
03 28 18:20:23:203 [INFO ] [main] com.epam.parser.sax.SAXProductsParser# SAXProductsParser.endElement# 
 Added stone 
 
03 28 18:20:23:203 [INFO ] [main] com.epam.parser.sax.SAXProductsParser# SAXProductsParser.endElement# 
 Added stone 
 
03 28 18:20:23:203 [INFO ] [main] com.epam.parser.sax.SAXProductsParser# SAXProductsParser.endElement# 
 Added subcategory
 
03 28 18:20:23:203 [INFO ] [main] com.epam.parser.sax.SAXProductsParser# SAXProductsParser.endElement# 
 Added stone 
 
03 28 18:20:23:203 [INFO ] [main] com.epam.parser.sax.SAXProductsParser# SAXProductsParser.endElement# 
 Added stone 
 
03 28 18:20:23:203 [INFO ] [main] com.epam.parser.sax.SAXProductsParser# SAXProductsParser.endElement# 
 Added stone 
 
03 28 18:20:23:203 [INFO ] [main] com.epam.parser.sax.SAXProductsParser# SAXProductsParser.endElement# 
 Added subcategory
 
03 28 18:20:23:203 [INFO ] [main] com.epam.parser.sax.SAXProductsParser# SAXProductsParser.endElement# 
 Added stone
 
03 28 18:20:23:203 [INFO ] [main] com.epam.parser.sax.SAXProductsParser# SAXProductsParser.endElement# 
 Added stone 
 
03 28 18:20:23:203 [INFO ] [main] com.epam.parser.sax.SAXProductsParser# SAXProductsParser.endElement# 
 Added subcategory
 
03 28 18:20:23:203 [INFO ] [main] com.epam.parser.sax.SAXProductsParser# SAXProductsParser.endElement# 
 Added stone 
 
03 28 18:20:23:203 [INFO ] [main] com.epam.parser.sax.SAXProductsParser# SAXProductsParser.endElement# 
 Added subcategory
 
03 28 18:20:23:218 [INFO ] [main] com.epam.parser.sax.SAXProductsParser# SAXProductsParser.endElement# 
 Added stone 
 
03 28 18:20:23:218 [INFO ] [main] com.epam.parser.sax.SAXProductsParser# SAXProductsParser.endElement# 
 Added subcategory
 
03 28 18:20:23:218 [INFO ] [main] com.epam.parser.sax.SAXProductsParser# SAXProductsParser.endElement# 
 Added stone
 
03 28 18:20:55:906 [INFO ] [main] com.epam.parser.sax.SAXController# SAXController.parse# 
 Sax started
 
03 28 18:20:55:937 [INFO ] [main] com.epam.parser.sax.SAXProductsParser# SAXProductsParser.endElement# 
 Added stone 
 
03 28 18:20:55:937 [INFO ] [main] com.epam.parser.sax.SAXProductsParser# SAXProductsParser.endElement# 
 Added stone 
 
03 28 18:20:55:937 [INFO ] [main] com.epam.parser.sax.SAXProductsParser# SAXProductsParser.endElement# 
 Added subcategory
 
03 28 18:20:55:937 [INFO ] [main] com.epam.parser.sax.SAXProductsParser# SAXProductsParser.endElement# 
 Added stone 
 
03 28 18:20:55:937 [INFO ] [main] com.epam.parser.sax.SAXProductsParser# SAXProductsParser.endElement# 
 Added stone 
 
03 28 18:20:55:952 [INFO ] [main] com.epam.parser.sax.SAXProductsParser# SAXProductsParser.endElement# 
 Added stone 
 
03 28 18:20:55:952 [INFO ] [main] com.epam.parser.sax.SAXProductsParser# SAXProductsParser.endElement# 
 Added subcategory
 
03 28 18:20:55:952 [INFO ] [main] com.epam.parser.sax.SAXProductsParser# SAXProductsParser.endElement# 
 Added stone
 
03 28 18:20:55:952 [INFO ] [main] com.epam.parser.sax.SAXProductsParser# SAXProductsParser.endElement# 
 Added stone 
 
03 28 18:20:55:952 [INFO ] [main] com.epam.parser.sax.SAXProductsParser# SAXProductsParser.endElement# 
 Added subcategory
 
03 28 18:20:55:952 [INFO ] [main] com.epam.parser.sax.SAXProductsParser# SAXProductsParser.endElement# 
 Added stone 
 
03 28 18:20:55:952 [INFO ] [main] com.epam.parser.sax.SAXProductsParser# SAXProductsParser.endElement# 
 Added subcategory
 
03 28 18:20:55:952 [INFO ] [main] com.epam.parser.sax.SAXProductsParser# SAXProductsParser.endElement# 
 Added stone 
 
03 28 18:20:55:952 [INFO ] [main] com.epam.parser.sax.SAXProductsParser# SAXProductsParser.endElement# 
 Added subcategory
 
03 28 18:20:55:952 [INFO ] [main] com.epam.parser.sax.SAXProductsParser# SAXProductsParser.endElement# 
 Added stone
 
03 28 18:22:13:311 [INFO ] [main] com.epam.parser.sax.SAXController# SAXController.parse# 
 Sax started
 
03 28 18:22:13:358 [INFO ] [main] com.epam.parser.sax.SAXProductsParser# SAXProductsParser.endElement# 
 Added stone 
 
03 28 18:22:13:373 [INFO ] [main] com.epam.parser.sax.SAXProductsParser# SAXProductsParser.endElement# 
 Added stone 
 
03 28 18:22:13:373 [INFO ] [main] com.epam.parser.sax.SAXProductsParser# SAXProductsParser.endElement# 
 Added subcategory
 
03 28 18:22:13:373 [INFO ] [main] com.epam.parser.sax.SAXProductsParser# SAXProductsParser.endElement# 
 Added stone 
 
03 28 18:22:13:373 [INFO ] [main] com.epam.parser.sax.SAXProductsParser# SAXProductsParser.endElement# 
 Added stone 
 
03 28 18:22:13:373 [INFO ] [main] com.epam.parser.sax.SAXProductsParser# SAXProductsParser.endElement# 
 Added stone 
 
03 28 18:22:13:373 [INFO ] [main] com.epam.parser.sax.SAXProductsParser# SAXProductsParser.endElement# 
 Added subcategory
 
03 28 18:22:13:373 [INFO ] [main] com.epam.parser.sax.SAXProductsParser# SAXProductsParser.endElement# 
 Added stone
 
03 28 18:22:13:373 [INFO ] [main] com.epam.parser.sax.SAXProductsParser# SAXProductsParser.endElement# 
 Added stone 
 
03 28 18:22:13:373 [INFO ] [main] com.epam.parser.sax.SAXProductsParser# SAXProductsParser.endElement# 
 Added subcategory
 
03 28 18:22:13:373 [INFO ] [main] com.epam.parser.sax.SAXProductsParser# SAXProductsParser.endElement# 
 Added stone 
 
03 28 18:22:13:373 [INFO ] [main] com.epam.parser.sax.SAXProductsParser# SAXProductsParser.endElement# 
 Added subcategory
 
03 28 18:22:13:373 [INFO ] [main] com.epam.parser.sax.SAXProductsParser# SAXProductsParser.endElement# 
 Added stone 
 
03 28 18:22:13:373 [INFO ] [main] com.epam.parser.sax.SAXProductsParser# SAXProductsParser.endElement# 
 Added subcategory
 
03 28 18:22:13:373 [INFO ] [main] com.epam.parser.sax.SAXProductsParser# SAXProductsParser.endElement# 
 Added stone
 
03 28 18:30:33:586 [INFO ] [main] com.epam.parser.sax.SAXController# SAXController.parse# 
 Sax started
 
03 28 18:30:33:648 [INFO ] [main] com.epam.parser.sax.SAXProductsParser# SAXProductsParser.endElement# 
 Added stone 
 
03 28 18:30:33:648 [INFO ] [main] com.epam.parser.sax.SAXProductsParser# SAXProductsParser.endElement# 
 Added stone 
 
03 28 18:30:33:648 [INFO ] [main] com.epam.parser.sax.SAXProductsParser# SAXProductsParser.endElement# 
 Added subcategory
 
03 28 18:30:33:648 [INFO ] [main] com.epam.parser.sax.SAXProductsParser# SAXProductsParser.endElement# 
 Added stone 
 
03 28 18:30:33:648 [INFO ] [main] com.epam.parser.sax.SAXProductsParser# SAXProductsParser.endElement# 
 Added stone 
 
03 28 18:30:33:648 [INFO ] [main] com.epam.parser.sax.SAXProductsParser# SAXProductsParser.endElement# 
 Added stone 
 
03 28 18:30:33:648 [INFO ] [main] com.epam.parser.sax.SAXProductsParser# SAXProductsParser.endElement# 
 Added subcategory
 
03 28 18:30:33:648 [INFO ] [main] com.epam.parser.sax.SAXProductsParser# SAXProductsParser.endElement# 
 Added stone
 
03 28 18:30:33:648 [INFO ] [main] com.epam.parser.sax.SAXProductsParser# SAXProductsParser.endElement# 
 Added stone 
 
03 28 18:30:33:648 [INFO ] [main] com.epam.parser.sax.SAXProductsParser# SAXProductsParser.endElement# 
 Added subcategory
 
03 28 18:30:33:648 [INFO ] [main] com.epam.parser.sax.SAXProductsParser# SAXProductsParser.endElement# 
 Added stone 
 
03 28 18:30:33:648 [INFO ] [main] com.epam.parser.sax.SAXProductsParser# SAXProductsParser.endElement# 
 Added subcategory
 
03 28 18:30:33:648 [INFO ] [main] com.epam.parser.sax.SAXProductsParser# SAXProductsParser.endElement# 
 Added stone 
 
03 28 18:30:33:648 [INFO ] [main] com.epam.parser.sax.SAXProductsParser# SAXProductsParser.endElement# 
 Added subcategory
 
03 28 18:30:33:648 [INFO ] [main] com.epam.parser.sax.SAXProductsParser# SAXProductsParser.endElement# 
 Added stone
 
03 28 18:31:32:194 [INFO ] [main] com.epam.parser.sax.SAXController# SAXController.parse# 
 Sax started
 
03 28 18:31:32:241 [INFO ] [main] com.epam.parser.sax.SAXProductsParser# SAXProductsParser.endElement# 
 Added stone 
 
03 28 18:31:32:241 [INFO ] [main] com.epam.parser.sax.SAXProductsParser# SAXProductsParser.endElement# 
 Added stone 
 
03 28 18:31:32:241 [INFO ] [main] com.epam.parser.sax.SAXProductsParser# SAXProductsParser.endElement# 
 Added subcategory
 
03 28 18:31:32:241 [INFO ] [main] com.epam.parser.sax.SAXProductsParser# SAXProductsParser.endElement# 
 Added stone 
 
03 28 18:31:32:241 [INFO ] [main] com.epam.parser.sax.SAXProductsParser# SAXProductsParser.endElement# 
 Added stone 
 
03 28 18:31:32:241 [INFO ] [main] com.epam.parser.sax.SAXProductsParser# SAXProductsParser.endElement# 
 Added stone 
 
03 28 18:31:32:241 [INFO ] [main] com.epam.parser.sax.SAXProductsParser# SAXProductsParser.endElement# 
 Added subcategory
 
03 28 18:31:32:241 [INFO ] [main] com.epam.parser.sax.SAXProductsParser# SAXProductsParser.endElement# 
 Added stone
 
03 28 18:31:32:241 [INFO ] [main] com.epam.parser.sax.SAXProductsParser# SAXProductsParser.endElement# 
 Added stone 
 
03 28 18:31:32:241 [INFO ] [main] com.epam.parser.sax.SAXProductsParser# SAXProductsParser.endElement# 
 Added subcategory
 
03 28 18:31:32:241 [INFO ] [main] com.epam.parser.sax.SAXProductsParser# SAXProductsParser.endElement# 
 Added stone 
 
03 28 18:31:32:241 [INFO ] [main] com.epam.parser.sax.SAXProductsParser# SAXProductsParser.endElement# 
 Added subcategory
 
03 28 18:31:32:257 [INFO ] [main] com.epam.parser.sax.SAXProductsParser# SAXProductsParser.endElement# 
 Added stone 
 
03 28 18:31:32:257 [INFO ] [main] com.epam.parser.sax.SAXProductsParser# SAXProductsParser.endElement# 
 Added subcategory
 
03 28 18:31:32:257 [INFO ] [main] com.epam.parser.sax.SAXProductsParser# SAXProductsParser.endElement# 
 Added stone
 
03 28 18:31:56:116 [INFO ] [main] com.epam.parser.sax.SAXController# SAXController.parse# 
 Sax started
 
03 28 18:31:56:163 [INFO ] [main] com.epam.parser.sax.SAXProductsParser# SAXProductsParser.endElement# 
 Added stone 
 
03 28 18:31:56:163 [INFO ] [main] com.epam.parser.sax.SAXProductsParser# SAXProductsParser.endElement# 
 Added stone 
 
03 28 18:31:56:163 [INFO ] [main] com.epam.parser.sax.SAXProductsParser# SAXProductsParser.endElement# 
 Added subcategory
 
03 28 18:31:56:163 [INFO ] [main] com.epam.parser.sax.SAXProductsParser# SAXProductsParser.endElement# 
 Added stone 
 
03 28 18:31:56:163 [INFO ] [main] com.epam.parser.sax.SAXProductsParser# SAXProductsParser.endElement# 
 Added stone 
 
03 28 18:31:56:163 [INFO ] [main] com.epam.parser.sax.SAXProductsParser# SAXProductsParser.endElement# 
 Added stone 
 
03 28 18:31:56:163 [INFO ] [main] com.epam.parser.sax.SAXProductsParser# SAXProductsParser.endElement# 
 Added subcategory
 
03 28 18:31:56:163 [INFO ] [main] com.epam.parser.sax.SAXProductsParser# SAXProductsParser.endElement# 
 Added stone
 
03 28 18:31:56:163 [INFO ] [main] com.epam.parser.sax.SAXProductsParser# SAXProductsParser.endElement# 
 Added stone 
 
03 28 18:31:56:163 [INFO ] [main] com.epam.parser.sax.SAXProductsParser# SAXProductsParser.endElement# 
 Added subcategory
 
03 28 18:31:56:163 [INFO ] [main] com.epam.parser.sax.SAXProductsParser# SAXProductsParser.endElement# 
 Added stone 
 
03 28 18:31:56:163 [INFO ] [main] com.epam.parser.sax.SAXProductsParser# SAXProductsParser.endElement# 
 Added subcategory
 
03 28 18:31:56:178 [INFO ] [main] com.epam.parser.sax.SAXProductsParser# SAXProductsParser.endElement# 
 Added stone 
 
03 28 18:31:56:178 [INFO ] [main] com.epam.parser.sax.SAXProductsParser# SAXProductsParser.endElement# 
 Added subcategory
 
03 28 18:31:56:178 [INFO ] [main] com.epam.parser.sax.SAXProductsParser# SAXProductsParser.endElement# 
 Added stone
 
03 28 18:32:39:068 [INFO ] [main] com.epam.parser.sax.SAXController# SAXController.parse# 
 Sax started
 
03 28 18:32:39:115 [INFO ] [main] com.epam.parser.sax.SAXProductsParser# SAXProductsParser.endElement# 
 Added stone 
 
03 28 18:32:39:115 [INFO ] [main] com.epam.parser.sax.SAXProductsParser# SAXProductsParser.endElement# 
 Added stone 
 
03 28 18:32:39:115 [INFO ] [main] com.epam.parser.sax.SAXProductsParser# SAXProductsParser.endElement# 
 Added subcategory
 
03 28 18:32:39:115 [INFO ] [main] com.epam.parser.sax.SAXProductsParser# SAXProductsParser.endElement# 
 Added stone 
 
03 28 18:32:39:115 [INFO ] [main] com.epam.parser.sax.SAXProductsParser# SAXProductsParser.endElement# 
 Added stone 
 
03 28 18:32:39:115 [INFO ] [main] com.epam.parser.sax.SAXProductsParser# SAXProductsParser.endElement# 
 Added stone 
 
03 28 18:32:39:115 [INFO ] [main] com.epam.parser.sax.SAXProductsParser# SAXProductsParser.endElement# 
 Added subcategory
 
03 28 18:32:39:115 [INFO ] [main] com.epam.parser.sax.SAXProductsParser# SAXProductsParser.endElement# 
 Added stone
 
03 28 18:32:39:115 [INFO ] [main] com.epam.parser.sax.SAXProductsParser# SAXProductsParser.endElement# 
 Added stone 
 
03 28 18:32:39:115 [INFO ] [main] com.epam.parser.sax.SAXProductsParser# SAXProductsParser.endElement# 
 Added subcategory
 
03 28 18:32:39:115 [INFO ] [main] com.epam.parser.sax.SAXProductsParser# SAXProductsParser.endElement# 
 Added stone 
 
03 28 18:32:39:115 [INFO ] [main] com.epam.parser.sax.SAXProductsParser# SAXProductsParser.endElement# 
 Added subcategory
 
03 28 18:32:39:131 [INFO ] [main] com.epam.parser.sax.SAXProductsParser# SAXProductsParser.endElement# 
 Added stone 
 
03 28 18:32:39:131 [INFO ] [main] com.epam.parser.sax.SAXProductsParser# SAXProductsParser.endElement# 
 Added subcategory
 
03 28 18:32:39:131 [INFO ] [main] com.epam.parser.sax.SAXProductsParser# SAXProductsParser.endElement# 
 Added stone
 
03 28 18:33:49:927 [INFO ] [main] com.epam.parser.sax.SAXController# SAXController.parse# 
 Sax started
 
03 28 18:33:49:974 [INFO ] [main] com.epam.parser.sax.SAXProductsParser# SAXProductsParser.endElement# 
 Added stone 
 
03 28 18:33:49:974 [INFO ] [main] com.epam.parser.sax.SAXProductsParser# SAXProductsParser.endElement# 
 Added stone 
 
03 28 18:33:49:974 [INFO ] [main] com.epam.parser.sax.SAXProductsParser# SAXProductsParser.endElement# 
 Added subcategory
 
03 28 18:33:49:974 [INFO ] [main] com.epam.parser.sax.SAXProductsParser# SAXProductsParser.endElement# 
 Added stone 
 
03 28 18:33:49:974 [INFO ] [main] com.epam.parser.sax.SAXProductsParser# SAXProductsParser.endElement# 
 Added stone 
 
03 28 18:33:49:974 [INFO ] [main] com.epam.parser.sax.SAXProductsParser# SAXProductsParser.endElement# 
 Added stone 
 
03 28 18:33:49:974 [INFO ] [main] com.epam.parser.sax.SAXProductsParser# SAXProductsParser.endElement# 
 Added subcategory
 
03 28 18:33:49:974 [INFO ] [main] com.epam.parser.sax.SAXProductsParser# SAXProductsParser.endElement# 
 Added stone
 
03 28 18:33:49:974 [INFO ] [main] com.epam.parser.sax.SAXProductsParser# SAXProductsParser.endElement# 
 Added stone 
 
03 28 18:33:49:989 [INFO ] [main] com.epam.parser.sax.SAXProductsParser# SAXProductsParser.endElement# 
 Added subcategory
 
03 28 18:33:49:989 [INFO ] [main] com.epam.parser.sax.SAXProductsParser# SAXProductsParser.endElement# 
 Added stone 
 
03 28 18:33:49:989 [INFO ] [main] com.epam.parser.sax.SAXProductsParser# SAXProductsParser.endElement# 
 Added subcategory
 
03 28 18:33:49:989 [INFO ] [main] com.epam.parser.sax.SAXProductsParser# SAXProductsParser.endElement# 
 Added stone 
 
03 28 18:33:49:989 [INFO ] [main] com.epam.parser.sax.SAXProductsParser# SAXProductsParser.endElement# 
 Added subcategory
 
03 28 18:33:49:989 [INFO ] [main] com.epam.parser.sax.SAXProductsParser# SAXProductsParser.endElement# 
 Added stone
 
03 28 18:35:25:785 [INFO ] [main] com.epam.parser.sax.SAXController# SAXController.parse# 
 Sax started
 
03 28 18:35:25:832 [INFO ] [main] com.epam.parser.sax.SAXProductsParser# SAXProductsParser.endElement# 
 Added stone 
 
03 28 18:35:25:832 [INFO ] [main] com.epam.parser.sax.SAXProductsParser# SAXProductsParser.endElement# 
 Added stone 
 
03 28 18:35:25:832 [INFO ] [main] com.epam.parser.sax.SAXProductsParser# SAXProductsParser.endElement# 
 Added subcategory
 
03 28 18:35:25:832 [INFO ] [main] com.epam.parser.sax.SAXProductsParser# SAXProductsParser.endElement# 
 Added stone 
 
03 28 18:35:25:847 [INFO ] [main] com.epam.parser.sax.SAXProductsParser# SAXProductsParser.endElement# 
 Added stone 
 
03 28 18:35:25:847 [INFO ] [main] com.epam.parser.sax.SAXProductsParser# SAXProductsParser.endElement# 
 Added stone 
 
03 28 18:35:25:847 [INFO ] [main] com.epam.parser.sax.SAXProductsParser# SAXProductsParser.endElement# 
 Added subcategory
 
03 28 18:35:25:847 [INFO ] [main] com.epam.parser.sax.SAXProductsParser# SAXProductsParser.endElement# 
 Added stone
 
03 28 18:35:25:847 [INFO ] [main] com.epam.parser.sax.SAXProductsParser# SAXProductsParser.endElement# 
 Added stone 
 
03 28 18:35:25:847 [INFO ] [main] com.epam.parser.sax.SAXProductsParser# SAXProductsParser.endElement# 
 Added subcategory
 
03 28 18:35:25:847 [INFO ] [main] com.epam.parser.sax.SAXProductsParser# SAXProductsParser.endElement# 
 Added stone 
 
03 28 18:35:25:847 [INFO ] [main] com.epam.parser.sax.SAXProductsParser# SAXProductsParser.endElement# 
 Added subcategory
 
03 28 18:35:25:847 [INFO ] [main] com.epam.parser.sax.SAXProductsParser# SAXProductsParser.endElement# 
 Added stone 
 
03 28 18:35:25:847 [INFO ] [main] com.epam.parser.sax.SAXProductsParser# SAXProductsParser.endElement# 
 Added subcategory
 
03 28 18:35:25:847 [INFO ] [main] com.epam.parser.sax.SAXProductsParser# SAXProductsParser.endElement# 
 Added stone
 
03 28 18:36:13:894 [INFO ] [main] com.epam.parser.sax.SAXController# SAXController.parse# 
 Sax started
 
03 28 18:36:13:925 [INFO ] [main] com.epam.parser.sax.SAXProductsParser# SAXProductsParser.endElement# 
 Added stone 
 
03 28 18:36:13:941 [INFO ] [main] com.epam.parser.sax.SAXProductsParser# SAXProductsParser.endElement# 
 Added stone 
 
03 28 18:36:13:941 [INFO ] [main] com.epam.parser.sax.SAXProductsParser# SAXProductsParser.endElement# 
 Added subcategory
 
03 28 18:36:13:941 [INFO ] [main] com.epam.parser.sax.SAXProductsParser# SAXProductsParser.endElement# 
 Added stone 
 
03 28 18:36:13:941 [INFO ] [main] com.epam.parser.sax.SAXProductsParser# SAXProductsParser.endElement# 
 Added stone 
 
03 28 18:36:13:941 [INFO ] [main] com.epam.parser.sax.SAXProductsParser# SAXProductsParser.endElement# 
 Added stone 
 
03 28 18:36:13:941 [INFO ] [main] com.epam.parser.sax.SAXProductsParser# SAXProductsParser.endElement# 
 Added subcategory
 
03 28 18:36:13:941 [INFO ] [main] com.epam.parser.sax.SAXProductsParser# SAXProductsParser.endElement# 
 Added stone
 
03 28 18:36:13:941 [INFO ] [main] com.epam.parser.sax.SAXProductsParser# SAXProductsParser.endElement# 
 Added stone 
 
03 28 18:36:13:941 [INFO ] [main] com.epam.parser.sax.SAXProductsParser# SAXProductsParser.endElement# 
 Added subcategory
 
03 28 18:36:13:941 [INFO ] [main] com.epam.parser.sax.SAXProductsParser# SAXProductsParser.endElement# 
 Added stone 
 
03 28 18:36:13:941 [INFO ] [main] com.epam.parser.sax.SAXProductsParser# SAXProductsParser.endElement# 
 Added subcategory
 
03 28 18:36:13:941 [INFO ] [main] com.epam.parser.sax.SAXProductsParser# SAXProductsParser.endElement# 
 Added stone 
 
03 28 18:36:13:941 [INFO ] [main] com.epam.parser.sax.SAXProductsParser# SAXProductsParser.endElement# 
 Added subcategory
 
03 28 18:36:13:941 [INFO ] [main] com.epam.parser.sax.SAXProductsParser# SAXProductsParser.endElement# 
 Added stone
 
03 28 18:37:29:674 [INFO ] [main] com.epam.parser.sax.SAXController# SAXController.parse# 
 Sax started
 
03 28 18:37:29:721 [INFO ] [main] com.epam.parser.sax.SAXProductsParser# SAXProductsParser.endElement# 
 Added stone 
 
03 28 18:37:29:721 [INFO ] [main] com.epam.parser.sax.SAXProductsParser# SAXProductsParser.endElement# 
 Added stone 
 
03 28 18:37:29:721 [INFO ] [main] com.epam.parser.sax.SAXProductsParser# SAXProductsParser.endElement# 
 Added subcategory
 
03 28 18:37:29:721 [INFO ] [main] com.epam.parser.sax.SAXProductsParser# SAXProductsParser.endElement# 
 Added stone 
 
03 28 18:37:29:721 [INFO ] [main] com.epam.parser.sax.SAXProductsParser# SAXProductsParser.endElement# 
 Added stone 
 
03 28 18:37:29:721 [INFO ] [main] com.epam.parser.sax.SAXProductsParser# SAXProductsParser.endElement# 
 Added stone 
 
03 28 18:37:29:721 [INFO ] [main] com.epam.parser.sax.SAXProductsParser# SAXProductsParser.endElement# 
 Added subcategory
 
03 28 18:37:29:721 [INFO ] [main] com.epam.parser.sax.SAXProductsParser# SAXProductsParser.endElement# 
 Added stone
 
03 28 18:37:29:721 [INFO ] [main] com.epam.parser.sax.SAXProductsParser# SAXProductsParser.endElement# 
 Added stone 
 
03 28 18:37:29:737 [INFO ] [main] com.epam.parser.sax.SAXProductsParser# SAXProductsParser.endElement# 
 Added subcategory
 
03 28 18:37:29:737 [INFO ] [main] com.epam.parser.sax.SAXProductsParser# SAXProductsParser.endElement# 
 Added stone 
 
03 28 18:37:29:737 [INFO ] [main] com.epam.parser.sax.SAXProductsParser# SAXProductsParser.endElement# 
 Added subcategory
 
03 28 18:37:29:737 [INFO ] [main] com.epam.parser.sax.SAXProductsParser# SAXProductsParser.endElement# 
 Added stone 
 
03 28 18:37:29:737 [INFO ] [main] com.epam.parser.sax.SAXProductsParser# SAXProductsParser.endElement# 
 Added subcategory
 
03 28 18:37:29:737 [INFO ] [main] com.epam.parser.sax.SAXProductsParser# SAXProductsParser.endElement# 
 Added stone
 
03 28 18:39:01:235 [INFO ] [main] com.epam.parser.dom.DOMProductsParser# StAXController.parse# 
 stax started
 
03 28 18:39:18:876 [INFO ] [main] com.epam.parser.dom.DOMProductsParser# StAXController.parse# 
 stax started
 
03 29 09:54:16:654 [INFO ] [main] com.epam.parser.dom.DOMProductsParser# StAXController.parse# 
 stax started
 
03 29 09:59:03:773 [INFO ] [main] com.epam.parser.dom.DOMProductsParser# StAXController.parse# 
 stax started
 
03 29 10:00:22:674 [INFO ] [main] com.epam.parser.sax.SAXController# StAXProductsParser.process# 
 Added stone 
 
03 29 10:00:22:674 [INFO ] [main] com.epam.parser.sax.SAXController# StAXProductsParser.process# 
 Added stone 
 
03 29 10:00:22:674 [INFO ] [main] com.epam.parser.sax.SAXController# StAXProductsParser.process# 
 Added subcategory
 
03 29 10:00:22:674 [INFO ] [main] com.epam.parser.sax.SAXController# StAXProductsParser.process# 
 Added stone 
 
03 29 10:00:22:674 [INFO ] [main] com.epam.parser.sax.SAXController# StAXProductsParser.process# 
 Added stone 
 
03 29 10:00:22:674 [INFO ] [main] com.epam.parser.sax.SAXController# StAXProductsParser.process# 
 Added stone 
 
03 29 10:00:22:690 [INFO ] [main] com.epam.parser.sax.SAXController# StAXProductsParser.process# 
 Added subcategory
 
03 29 10:00:22:690 [INFO ] [main] com.epam.parser.sax.SAXController# StAXProductsParser.process# 
 Added stone
 
03 29 10:00:22:690 [INFO ] [main] com.epam.parser.sax.SAXController# StAXProductsParser.process# 
 Added stone 
 
03 29 10:00:22:690 [INFO ] [main] com.epam.parser.sax.SAXController# StAXProductsParser.process# 
 Added subcategory
 
03 29 10:00:22:690 [INFO ] [main] com.epam.parser.sax.SAXController# StAXProductsParser.process# 
 Added stone 
 
03 29 10:00:22:690 [INFO ] [main] com.epam.parser.sax.SAXController# StAXProductsParser.process# 
 Added subcategory
 
03 29 10:00:22:690 [INFO ] [main] com.epam.parser.sax.SAXController# StAXProductsParser.process# 
 Added stone 
 
03 29 10:00:22:690 [INFO ] [main] com.epam.parser.sax.SAXController# StAXProductsParser.process# 
 Added subcategory
 
03 29 10:00:22:690 [INFO ] [main] com.epam.parser.sax.SAXController# StAXProductsParser.process# 
 Added stone
 
03 29 10:00:22:690 [INFO ] [main] com.epam.parser.dom.DOMProductsParser# StAXController.parse# 
 Getting list
 
03 29 10:00:22:690 [INFO ] [main] com.epam.parser.dom.DOMProductsParser# StAXController.parse# 
 
 
03 29 10:01:35:608 [INFO ] [main] com.epam.parser.dom.DOMProductsParser# StAXController.parse# 
 stax started
 
03 29 10:01:35:640 [INFO ] [main] com.epam.parser.sax.SAXController# StAXProductsParser.process# 
 Added stone 
 
03 29 10:01:35:655 [INFO ] [main] com.epam.parser.sax.SAXController# StAXProductsParser.process# 
 Added stone 
 
03 29 10:01:35:655 [INFO ] [main] com.epam.parser.sax.SAXController# StAXProductsParser.process# 
 Added subcategory
 
03 29 10:01:35:655 [INFO ] [main] com.epam.parser.sax.SAXController# StAXProductsParser.process# 
 Added stone 
 
03 29 10:01:35:655 [INFO ] [main] com.epam.parser.sax.SAXController# StAXProductsParser.process# 
 Added stone 
 
03 29 10:01:35:655 [INFO ] [main] com.epam.parser.sax.SAXController# StAXProductsParser.process# 
 Added stone 
 
03 29 10:01:35:655 [INFO ] [main] com.epam.parser.sax.SAXController# StAXProductsParser.process# 
 Added subcategory
 
03 29 10:01:35:655 [INFO ] [main] com.epam.parser.sax.SAXController# StAXProductsParser.process# 
 Added stone
 
03 29 10:01:35:655 [INFO ] [main] com.epam.parser.sax.SAXController# StAXProductsParser.process# 
 Added stone 
 
03 29 10:01:35:655 [INFO ] [main] com.epam.parser.sax.SAXController# StAXProductsParser.process# 
 Added subcategory
 
03 29 10:01:35:655 [INFO ] [main] com.epam.parser.sax.SAXController# StAXProductsParser.process# 
 Added stone 
 
03 29 10:01:35:655 [INFO ] [main] com.epam.parser.sax.SAXController# StAXProductsParser.process# 
 Added subcategory
 
03 29 10:01:35:655 [INFO ] [main] com.epam.parser.sax.SAXController# StAXProductsParser.process# 
 Added stone 
 
03 29 10:01:35:655 [INFO ] [main] com.epam.parser.sax.SAXController# StAXProductsParser.process# 
 Added subcategory
 
03 29 10:01:35:655 [INFO ] [main] com.epam.parser.sax.SAXController# StAXProductsParser.process# 
 Added stone
 
03 29 10:02:25:730 [INFO ] [main] com.epam.parser.dom.DOMProductsParser# StAXController.parse# 
 stax started
 
03 29 10:02:25:762 [INFO ] [main] com.epam.parser.sax.SAXController# StAXProductsParser.process# 
 Added stone 
 
03 29 10:02:25:762 [INFO ] [main] com.epam.parser.sax.SAXController# StAXProductsParser.process# 
 Added stone 
 
03 29 10:02:25:762 [INFO ] [main] com.epam.parser.sax.SAXController# StAXProductsParser.process# 
 Added subcategory
 
03 29 10:02:25:762 [INFO ] [main] com.epam.parser.sax.SAXController# StAXProductsParser.process# 
 Added stone 
 
03 29 10:02:25:762 [INFO ] [main] com.epam.parser.sax.SAXController# StAXProductsParser.process# 
 Added stone 
 
03 29 10:02:25:762 [INFO ] [main] com.epam.parser.sax.SAXController# StAXProductsParser.process# 
 Added stone 
 
03 29 10:02:25:762 [INFO ] [main] com.epam.parser.sax.SAXController# StAXProductsParser.process# 
 Added subcategory
 
03 29 10:04:09:316 [INFO ] [main] com.epam.parser.dom.DOMProductsParser# StAXController.parse# 
 stax started
 
03 29 10:04:09:362 [INFO ] [main] com.epam.parser.sax.SAXController# StAXProductsParser.process# 
 Added stone 
 
03 29 10:04:09:362 [INFO ] [main] com.epam.parser.sax.SAXController# StAXProductsParser.process# 
 Added stone 
 
03 29 10:04:09:362 [INFO ] [main] com.epam.parser.sax.SAXController# StAXProductsParser.process# 
 Added subcategory
 
03 29 10:04:09:362 [INFO ] [main] com.epam.parser.sax.SAXController# StAXProductsParser.process# 
 Added stone 
 
03 29 10:04:09:362 [INFO ] [main] com.epam.parser.sax.SAXController# StAXProductsParser.process# 
 Added stone 
 
03 29 10:04:09:362 [INFO ] [main] com.epam.parser.sax.SAXController# StAXProductsParser.process# 
 Added stone 
 
03 29 10:04:09:362 [INFO ] [main] com.epam.parser.sax.SAXController# StAXProductsParser.process# 
 Added subcategory
 
03 29 10:04:09:362 [INFO ] [main] com.epam.parser.sax.SAXController# StAXProductsParser.process# 
 Added stone
 
03 29 10:04:09:362 [INFO ] [main] com.epam.parser.sax.SAXController# StAXProductsParser.process# 
 Added stone 
 
03 29 10:04:09:378 [INFO ] [main] com.epam.parser.sax.SAXController# StAXProductsParser.process# 
 Added subcategory
 
03 29 10:04:09:378 [INFO ] [main] com.epam.parser.sax.SAXController# StAXProductsParser.process# 
 Added stone 
 
03 29 10:04:09:378 [INFO ] [main] com.epam.parser.sax.SAXController# StAXProductsParser.process# 
 Added subcategory
 
03 29 10:04:09:378 [INFO ] [main] com.epam.parser.sax.SAXController# StAXProductsParser.process# 
 Added stone 
 
03 29 10:04:09:378 [INFO ] [main] com.epam.parser.sax.SAXController# StAXProductsParser.process# 
 Added subcategory
 
03 29 10:04:09:378 [INFO ] [main] com.epam.parser.sax.SAXController# StAXProductsParser.process# 
 Added stone
 
03 29 10:04:09:378 [INFO ] [main] com.epam.parser.dom.DOMProductsParser# StAXController.parse# 
 Getting list
 
03 29 10:04:09:378 [INFO ] [main] com.epam.parser.dom.DOMProductsParser# StAXController.parse# 
 Products [
categories=[
Category name=electronics
subcategories=[[
Subcategory name=computers[
goods=[Good [producer=Sony, model=ms1121, issuedateString=01-03-2013, color=white, notInStock=false, price=1300], Good [producer=Asus, model=MD1311, issuedateString=04-06-2013, color=red, notInStock=false, price=1333]]], 
Subcategory name=phones[
goods=[Good [producer=Apple, model=PH5881, issuedateString=12-05-2013, color=black, notInStock=false, price=800], Good [producer=Samsung, model=GL3001, issuedateString=09-08-2013, color=black, notInStock=false, price=600], Good [producer=Nokia, model=CP3110, issuedateString=04-08-2013, color=blue, notInStock=true, price=0]]]]], 
Category name=motorcycles
subcategories=[[
Subcategory name=chopper[
goods=[Good [producer=Harley Davidson, model=AO0010, issuedateString=11-08-2013, color=yellow, notInStock=false, price=40000]]], 
Subcategory name=streetfighter[
goods=[Good [producer=Kawasaki Ninja, model=MK1010, issuedateString=12-08-2012, color=green, notInStock=false, price=10000]]], 
Subcategory name=goldenwing[
goods=[Good [producer=Honda, model=RR9919, issuedateString=20-01-2012, color=red, notInStock=true, price=0]]]]]]]
 
03 29 10:04:42:243 [INFO ] [main] com.epam.parser.dom.DOMProductsParser# StAXController.parse# 
 stax started
 
03 29 10:04:42:290 [INFO ] [main] com.epam.parser.sax.SAXController# StAXProductsParser.process# 
 Added stone 
 
03 29 10:04:42:290 [INFO ] [main] com.epam.parser.sax.SAXController# StAXProductsParser.process# 
 Added stone 
 
03 29 10:04:42:290 [INFO ] [main] com.epam.parser.sax.SAXController# StAXProductsParser.process# 
 Added subcategory
 
03 29 10:04:42:290 [INFO ] [main] com.epam.parser.sax.SAXController# StAXProductsParser.process# 
 Added stone 
 
03 29 10:04:42:290 [INFO ] [main] com.epam.parser.sax.SAXController# StAXProductsParser.process# 
 Added stone 
 
03 29 10:04:42:290 [INFO ] [main] com.epam.parser.sax.SAXController# StAXProductsParser.process# 
 Added stone 
 
03 29 10:04:42:305 [INFO ] [main] com.epam.parser.sax.SAXController# StAXProductsParser.process# 
 Added subcategory
 
03 29 10:04:42:305 [INFO ] [main] com.epam.parser.sax.SAXController# StAXProductsParser.process# 
 Added stone
 
03 29 10:04:42:305 [INFO ] [main] com.epam.parser.sax.SAXController# StAXProductsParser.process# 
 Added stone 
 
03 29 10:04:42:305 [INFO ] [main] com.epam.parser.sax.SAXController# StAXProductsParser.process# 
 Added subcategory
 
03 29 10:04:42:305 [INFO ] [main] com.epam.parser.sax.SAXController# StAXProductsParser.process# 
 Added stone 
 
03 29 10:04:42:305 [INFO ] [main] com.epam.parser.sax.SAXController# StAXProductsParser.process# 
 Added subcategory
 
03 29 10:04:42:305 [INFO ] [main] com.epam.parser.sax.SAXController# StAXProductsParser.process# 
 Added stone 
 
03 29 10:04:42:305 [INFO ] [main] com.epam.parser.sax.SAXController# StAXProductsParser.process# 
 Added subcategory
 
03 29 10:04:42:305 [INFO ] [main] com.epam.parser.sax.SAXController# StAXProductsParser.process# 
 Added stone
 
03 29 10:04:42:305 [INFO ] [main] com.epam.parser.dom.DOMProductsParser# StAXController.parse# 
 Getting list
 
03 29 10:04:42:305 [INFO ] [main] com.epam.parser.dom.DOMProductsParser# StAXController.parse# 
 Products [
categories=[
Category name=electronics
subcategories=[[
Subcategory name=computers[
goods=[Good [producer=Sony, model=ms1121, issuedateString=01-03-2013, color=white, notInStock=false, price=1300], Good [producer=Asus, model=MD1311, issuedateString=04-06-2013, color=red, notInStock=false, price=1333]]], 
Subcategory name=phones[
goods=[Good [producer=Apple, model=PH5881, issuedateString=12-05-2013, color=black, notInStock=false, price=800], Good [producer=Samsung, model=GL3001, issuedateString=09-08-2013, color=black, notInStock=false, price=600], Good [producer=Nokia, model=CP3110, issuedateString=04-08-2013, color=blue, notInStock=true, price=0]]]]], 
Category name=motorcycles
subcategories=[[
Subcategory name=chopper[
goods=[Good [producer=Harley Davidson, model=AO0010, issuedateString=11-08-2013, color=yellow, notInStock=false, price=40000]]], 
Subcategory name=streetfighter[
goods=[Good [producer=Kawasaki Ninja, model=MK1010, issuedateString=12-08-2012, color=green, notInStock=false, price=10000]]], 
Subcategory name=goldenwing[
goods=[Good [producer=Honda, model=RR9919, issuedateString=20-01-2012, color=red, notInStock=true, price=0]]]]]]]
 
03 29 10:05:32:948 [INFO ] [main] com.epam.parser.sax.SAXController# SAXController.parse# 
 Sax started
 
03 29 10:05:32:979 [INFO ] [main] com.epam.parser.sax.SAXProductsParser# SAXProductsParser.endElement# 
 Added stone 
 
03 29 10:05:32:979 [INFO ] [main] com.epam.parser.sax.SAXProductsParser# SAXProductsParser.endElement# 
 Added stone 
 
03 29 10:05:32:979 [INFO ] [main] com.epam.parser.sax.SAXProductsParser# SAXProductsParser.endElement# 
 Added subcategory
 
03 29 10:05:32:979 [INFO ] [main] com.epam.parser.sax.SAXProductsParser# SAXProductsParser.endElement# 
 Added stone 
 
03 29 10:05:32:979 [INFO ] [main] com.epam.parser.sax.SAXProductsParser# SAXProductsParser.endElement# 
 Added stone 
 
03 29 10:05:32:979 [INFO ] [main] com.epam.parser.sax.SAXProductsParser# SAXProductsParser.endElement# 
 Added stone 
 
03 29 10:05:32:979 [INFO ] [main] com.epam.parser.sax.SAXProductsParser# SAXProductsParser.endElement# 
 Added subcategory
 
03 29 10:05:32:979 [INFO ] [main] com.epam.parser.sax.SAXProductsParser# SAXProductsParser.endElement# 
 Added stone
 
03 29 10:05:32:979 [INFO ] [main] com.epam.parser.sax.SAXProductsParser# SAXProductsParser.endElement# 
 Added stone 
 
03 29 10:05:32:979 [INFO ] [main] com.epam.parser.sax.SAXProductsParser# SAXProductsParser.endElement# 
 Added subcategory
 
03 29 10:05:32:979 [INFO ] [main] com.epam.parser.sax.SAXProductsParser# SAXProductsParser.endElement# 
 Added stone 
 
03 29 10:05:32:995 [INFO ] [main] com.epam.parser.sax.SAXProductsParser# SAXProductsParser.endElement# 
 Added subcategory
 
03 29 10:05:32:995 [INFO ] [main] com.epam.parser.sax.SAXProductsParser# SAXProductsParser.endElement# 
 Added stone 
 
03 29 10:05:32:995 [INFO ] [main] com.epam.parser.sax.SAXProductsParser# SAXProductsParser.endElement# 
 Added subcategory
 
03 29 10:05:32:995 [INFO ] [main] com.epam.parser.sax.SAXProductsParser# SAXProductsParser.endElement# 
 Added stone
 
03 29 10:05:32:995 [INFO ] [main] com.epam.parser.dom.DOMProductsParser# StAXController.parse# 
 stax started
 
03 29 10:05:33:026 [INFO ] [main] com.epam.parser.sax.SAXController# StAXProductsParser.process# 
 Added stone 
 
03 29 10:05:33:026 [INFO ] [main] com.epam.parser.sax.SAXController# StAXProductsParser.process# 
 Added stone 
 
03 29 10:05:33:026 [INFO ] [main] com.epam.parser.sax.SAXController# StAXProductsParser.process# 
 Added subcategory
 
03 29 10:05:33:026 [INFO ] [main] com.epam.parser.sax.SAXController# StAXProductsParser.process# 
 Added stone 
 
03 29 10:05:33:026 [INFO ] [main] com.epam.parser.sax.SAXController# StAXProductsParser.process# 
 Added stone 
 
03 29 10:05:33:026 [INFO ] [main] com.epam.parser.sax.SAXController# StAXProductsParser.process# 
 Added stone 
 
03 29 10:05:33:026 [INFO ] [main] com.epam.parser.sax.SAXController# StAXProductsParser.process# 
 Added subcategory
 
03 29 10:05:33:026 [INFO ] [main] com.epam.parser.sax.SAXController# StAXProductsParser.process# 
 Added stone
 
03 29 10:05:33:026 [INFO ] [main] com.epam.parser.sax.SAXController# StAXProductsParser.process# 
 Added stone 
 
03 29 10:05:33:026 [INFO ] [main] com.epam.parser.sax.SAXController# StAXProductsParser.process# 
 Added subcategory
 
03 29 10:05:33:026 [INFO ] [main] com.epam.parser.sax.SAXController# StAXProductsParser.process# 
 Added stone 
 
03 29 10:05:33:026 [INFO ] [main] com.epam.parser.sax.SAXController# StAXProductsParser.process# 
 Added subcategory
 
03 29 10:05:33:026 [INFO ] [main] com.epam.parser.sax.SAXController# StAXProductsParser.process# 
 Added stone 
 
03 29 10:05:33:026 [INFO ] [main] com.epam.parser.sax.SAXController# StAXProductsParser.process# 
 Added subcategory
 
03 29 10:05:33:042 [INFO ] [main] com.epam.parser.sax.SAXController# StAXProductsParser.process# 
 Added stone
 
03 29 10:05:33:042 [INFO ] [main] com.epam.parser.dom.DOMProductsParser# StAXController.parse# 
 Getting list
 
03 29 10:05:33:042 [INFO ] [main] com.epam.parser.dom.DOMProductsParser# StAXController.parse# 
 Products [
categories=[
Category name=electronics
subcategories=[[
Subcategory name=computers[
goods=[Good [producer=Sony, model=ms1121, issuedateString=01-03-2013, color=white, notInStock=false, price=1300], Good [producer=Asus, model=MD1311, issuedateString=04-06-2013, color=red, notInStock=false, price=1333]]], 
Subcategory name=phones[
goods=[Good [producer=Apple, model=PH5881, issuedateString=12-05-2013, color=black, notInStock=false, price=800], Good [producer=Samsung, model=GL3001, issuedateString=09-08-2013, color=black, notInStock=false, price=600], Good [producer=Nokia, model=CP3110, issuedateString=04-08-2013, color=blue, notInStock=true, price=0]]]]], 
Category name=motorcycles
subcategories=[[
Subcategory name=chopper[
goods=[Good [producer=Harley Davidson, model=AO0010, issuedateString=11-08-2013, color=yellow, notInStock=false, price=40000]]], 
Subcategory name=streetfighter[
goods=[Good [producer=Kawasaki Ninja, model=MK1010, issuedateString=12-08-2012, color=green, notInStock=false, price=10000]]], 
Subcategory name=goldenwing[
goods=[Good [producer=Honda, model=RR9919, issuedateString=20-01-2012, color=red, notInStock=true, price=0]]]]]]]
 
03 29 10:08:51:223 [INFO ] [main] com.epam.parser.dom.DOMController# DOMController.parse# 
 dom_started
 
03 29 10:10:10:679 [INFO ] [main] com.epam.parser.dom.DOMController# DOMController.parse# 
 dom_started
 
03 29 10:13:21:969 [INFO ] [main] com.epam.parser.dom.DOMController# DOMController.parse# 
 dom_started
 
03 29 10:14:07:370 [INFO ] [main] com.epam.parser.dom.DOMProductsParser# DOMProductsParser.listBuilder# 
 Added good #0
 
03 29 10:18:48:870 [INFO ] [main] com.epam.parser.dom.DOMController# DOMController.parse# 
 dom_started
 
03 29 10:24:39:260 [INFO ] [main] com.epam.parser.dom.DOMController# DOMController.parse# 
 dom_started
 
03 29 10:25:54:439 [INFO ] [main] com.epam.parser.dom.DOMController# DOMController.parse# 
 dom_started
 
03 29 10:25:54:829 [INFO ] [main] com.epam.parser.dom.DOMProductsParser# DOMProductsParser.listBuilder# 
 Added good #0
 
03 29 10:25:54:829 [INFO ] [main] com.epam.parser.dom.DOMProductsParser# DOMProductsParser.listBuilder# 
 Added good #1
 
03 29 10:25:54:829 [INFO ] [main] com.epam.parser.dom.DOMProductsParser# DOMProductsParser.listBuilder# 
 Added good #0
 
03 29 10:25:54:829 [INFO ] [main] com.epam.parser.dom.DOMProductsParser# DOMProductsParser.listBuilder# 
 Added good #1
 
03 29 10:25:54:845 [INFO ] [main] com.epam.parser.dom.DOMProductsParser# DOMProductsParser.listBuilder# 
 Added good #2
 
03 29 10:26:11:280 [INFO ] [main] com.epam.parser.dom.DOMController# DOMController.parse# 
 dom_started
 
03 29 10:26:41:012 [INFO ] [main] com.epam.parser.dom.DOMProductsParser# DOMProductsParser.listBuilder# 
 Added good #0
 
03 29 10:31:25:569 [INFO ] [main] com.epam.parser.dom.DOMProductsParser# DOMProductsParser.listBuilder# 
 Added good #1
 
03 29 10:32:36:080 [INFO ] [main] com.epam.parser.dom.DOMProductsParser# DOMProductsParser.listBuilder# 
 Added good #0
 
03 29 10:32:44:314 [INFO ] [main] com.epam.parser.dom.DOMProductsParser# DOMProductsParser.listBuilder# 
 Added good #1
 
03 29 10:32:54:250 [INFO ] [main] com.epam.parser.dom.DOMProductsParser# DOMProductsParser.listBuilder# 
 Added good #2
 
03 29 10:34:20:341 [INFO ] [main] com.epam.parser.dom.DOMController# DOMController.parse# 
 dom_started
 
03 29 10:34:20:700 [INFO ] [main] com.epam.parser.dom.DOMProductsParser# DOMProductsParser.listBuilder# 
 Added good #0
 
03 29 10:34:20:700 [INFO ] [main] com.epam.parser.dom.DOMProductsParser# DOMProductsParser.listBuilder# 
 Added good #1
 
03 29 10:34:20:700 [INFO ] [main] com.epam.parser.dom.DOMProductsParser# DOMProductsParser.listBuilder# 
 Added good #0
 
03 29 10:34:20:700 [INFO ] [main] com.epam.parser.dom.DOMProductsParser# DOMProductsParser.listBuilder# 
 Added good #1
 
03 29 10:34:20:700 [INFO ] [main] com.epam.parser.dom.DOMProductsParser# DOMProductsParser.listBuilder# 
 Added good #2
 
03 29 10:34:20:700 [INFO ] [main] com.epam.parser.dom.DOMProductsParser# DOMProductsParser.listBuilder# 
 Added good #0
 
03 29 10:34:20:700 [INFO ] [main] com.epam.parser.dom.DOMProductsParser# DOMProductsParser.listBuilder# 
 Added good #0
 
03 29 10:34:20:700 [INFO ] [main] com.epam.parser.dom.DOMProductsParser# DOMProductsParser.listBuilder# 
 Added good #0
 
03 29 10:36:52:212 [INFO ] [main] com.epam.parser.dom.DOMController# DOMController.parse# 
 dom_started
 
03 29 10:36:52:634 [INFO ] [main] com.epam.parser.dom.DOMProductsParser# DOMProductsParser.listBuilder# 
 Added good #0
 
03 29 10:37:25:524 [INFO ] [main] com.epam.parser.dom.DOMProductsParser# DOMProductsParser.listBuilder# 
 Added good #1
 
03 29 10:37:59:476 [INFO ] [main] com.epam.parser.dom.DOMProductsParser# DOMProductsParser.listBuilder# 
 Added good #0
 
03 29 10:38:01:804 [INFO ] [main] com.epam.parser.dom.DOMProductsParser# DOMProductsParser.listBuilder# 
 Added good #1
 
03 29 10:38:03:367 [INFO ] [main] com.epam.parser.dom.DOMProductsParser# DOMProductsParser.listBuilder# 
 Added good #2
 
03 29 10:40:03:737 [INFO ] [main] com.epam.parser.dom.DOMController# DOMController.parse# 
 dom_started
 
03 29 10:40:04:159 [INFO ] [main] com.epam.parser.dom.DOMProductsParser# DOMProductsParser.listBuilder# 
 Added good #0
 
03 29 10:40:21:283 [INFO ] [main] com.epam.parser.dom.DOMProductsParser# DOMProductsParser.listBuilder# 
 Added good #1
 
03 29 10:40:23:814 [INFO ] [main] com.epam.parser.dom.DOMProductsParser# DOMProductsParser.listBuilder# 
 Added good #0
 
03 29 10:40:25:518 [INFO ] [main] com.epam.parser.dom.DOMProductsParser# DOMProductsParser.listBuilder# 
 Added good #1
 
03 29 10:40:37:220 [INFO ] [main] com.epam.parser.dom.DOMProductsParser# DOMProductsParser.listBuilder# 
 Added good #2
 
03 29 10:42:07:857 [INFO ] [main] com.epam.parser.dom.DOMController# DOMController.parse# 
 dom_started
 
03 29 10:42:08:295 [INFO ] [main] com.epam.parser.dom.DOMProductsParser# DOMProductsParser.listBuilder# 
 Added good #0
 
03 29 10:42:08:295 [INFO ] [main] com.epam.parser.dom.DOMProductsParser# DOMProductsParser.listBuilder# 
 Added good #1
 
03 29 10:42:08:295 [INFO ] [main] com.epam.parser.dom.DOMProductsParser# DOMProductsParser.listBuilder# 
 Added good #0
 
03 29 10:42:08:295 [INFO ] [main] com.epam.parser.dom.DOMProductsParser# DOMProductsParser.listBuilder# 
 Added good #1
 
03 29 10:42:08:295 [INFO ] [main] com.epam.parser.dom.DOMProductsParser# DOMProductsParser.listBuilder# 
 Added good #2
 
03 29 10:42:38:247 [INFO ] [main] com.epam.parser.dom.DOMController# DOMController.parse# 
 dom_started
 
03 29 10:42:38:637 [INFO ] [main] com.epam.parser.dom.DOMProductsParser# DOMProductsParser.listBuilder# 
 Added good #0
 
03 29 10:42:38:637 [INFO ] [main] com.epam.parser.dom.DOMProductsParser# DOMProductsParser.listBuilder# 
 Added good #1
 
03 29 10:42:38:637 [INFO ] [main] com.epam.parser.dom.DOMProductsParser# DOMProductsParser.listBuilder# 
 Added good #0
 
03 29 10:42:38:637 [INFO ] [main] com.epam.parser.dom.DOMProductsParser# DOMProductsParser.listBuilder# 
 Added good #1
 
03 29 10:42:38:637 [INFO ] [main] com.epam.parser.dom.DOMProductsParser# DOMProductsParser.listBuilder# 
 Added good #2
 
03 29 10:43:24:792 [INFO ] [main] com.epam.parser.dom.DOMController# DOMController.parse# 
 dom_started
 
03 29 10:43:25:167 [INFO ] [main] com.epam.parser.dom.DOMProductsParser# DOMProductsParser.listBuilder# 
 Added good #0
 
03 29 10:43:25:167 [INFO ] [main] com.epam.parser.dom.DOMProductsParser# DOMProductsParser.listBuilder# 
 Added good #1
 
03 29 10:43:25:167 [INFO ] [main] com.epam.parser.dom.DOMProductsParser# DOMProductsParser.listBuilder# 
 Added good #0
 
03 29 10:43:25:167 [INFO ] [main] com.epam.parser.dom.DOMProductsParser# DOMProductsParser.listBuilder# 
 Added good #1
 
03 29 10:43:25:167 [INFO ] [main] com.epam.parser.dom.DOMProductsParser# DOMProductsParser.listBuilder# 
 Added good #2
 
03 29 10:43:25:167 [INFO ] [main] com.epam.parser.dom.DOMProductsParser# DOMProductsParser.listBuilder# 
 Added good #0
 
03 29 10:43:25:167 [INFO ] [main] com.epam.parser.dom.DOMProductsParser# DOMProductsParser.listBuilder# 
 Added good #0
 
03 29 10:43:25:167 [INFO ] [main] com.epam.parser.dom.DOMProductsParser# DOMProductsParser.listBuilder# 
 Added good #0
 
